c:\users\tetcos-pc\desktop\adding own encryption\32bit\code\dll\application.lib
c:\users\tetcos-pc\desktop\adding own encryption\32bit\code\dll\application.exp
c:\users\tetcos-pc\desktop\adding own encryption\32bit\code\application\debug\vc140.pdb
c:\users\tetcos-pc\desktop\adding own encryption\32bit\code\application\debug\vc140.idb
c:\users\tetcos-pc\desktop\adding own encryption\32bit\code\application\debug\aes.obj
c:\users\tetcos-pc\desktop\adding own encryption\32bit\code\application\debug\aes_run.obj
c:\users\tetcos-pc\desktop\adding own encryption\32bit\code\application\debug\application.obj
c:\users\tetcos-pc\desktop\adding own encryption\32bit\code\application\debug\bsm.obj
c:\users\tetcos-pc\desktop\adding own encryption\32bit\code\application\debug\coap.obj
c:\users\tetcos-pc\desktop\adding own encryption\32bit\code\application\debug\database_ftp_custom.obj
c:\users\tetcos-pc\desktop\adding own encryption\32bit\code\application\debug\des.obj
c:\users\tetcos-pc\desktop\adding own encryption\32bit\code\application\debug\des_run.obj
c:\users\tetcos-pc\desktop\adding own encryption\32bit\code\application\debug\distribution.obj
c:\users\tetcos-pc\desktop\adding own encryption\32bit\code\application\debug\emulation_application.obj
c:\users\tetcos-pc\desktop\adding own encryption\32bit\code\application\debug\encryption.obj
c:\users\tetcos-pc\desktop\adding own encryption\32bit\code\application\debug\misty1.obj
c:\users\tetcos-pc\desktop\adding own encryption\32bit\code\application\debug\misty_run.obj
c:\users\tetcos-pc\desktop\adding own encryption\32bit\code\application\debug\multicast.obj
c:\users\tetcos-pc\desktop\adding own encryption\32bit\code\application\debug\randomnumber.obj
c:\users\tetcos-pc\desktop\adding own encryption\32bit\code\dll\libapplication.dll
c:\users\tetcos-pc\desktop\adding own encryption\32bit\code\dll\application.pdb
c:\users\tetcos-pc\desktop\v10.2.9\adding own encryption\32bit\code\application\debug\aes.obj
c:\users\tetcos-pc\desktop\v10.2.9\adding own encryption\32bit\code\application\debug\aes_run.obj
c:\users\tetcos-pc\desktop\v10.2.9\adding own encryption\32bit\code\application\debug\application.obj
c:\users\tetcos-pc\desktop\v10.2.9\adding own encryption\32bit\code\application\debug\bsm.obj
c:\users\tetcos-pc\desktop\v10.2.9\adding own encryption\32bit\code\application\debug\coap.obj
c:\users\tetcos-pc\desktop\v10.2.9\adding own encryption\32bit\code\application\debug\database_ftp_custom.obj
c:\users\tetcos-pc\desktop\v10.2.9\adding own encryption\32bit\code\application\debug\des.obj
c:\users\tetcos-pc\desktop\v10.2.9\adding own encryption\32bit\code\application\debug\des_run.obj
c:\users\tetcos-pc\desktop\v10.2.9\adding own encryption\32bit\code\application\debug\distribution.obj
c:\users\tetcos-pc\desktop\v10.2.9\adding own encryption\32bit\code\application\debug\emulation_application.obj
c:\users\tetcos-pc\desktop\v10.2.9\adding own encryption\32bit\code\application\debug\encryption.obj
c:\users\tetcos-pc\desktop\v10.2.9\adding own encryption\32bit\code\application\debug\misty1.obj
c:\users\tetcos-pc\desktop\v10.2.9\adding own encryption\32bit\code\application\debug\misty_run.obj
c:\users\tetcos-pc\desktop\v10.2.9\adding own encryption\32bit\code\application\debug\multicast.obj
c:\users\tetcos-pc\desktop\v10.2.9\adding own encryption\32bit\code\application\debug\randomnumber.obj
c:\users\tetcos-pc\desktop\v10.2.9\adding own encryption\32bit\code\application\debug\vc140.idb
c:\users\tetcos-pc\desktop\v10.2.9\adding own encryption\32bit\code\application\debug\vc140.pdb
c:\users\tetcos-pc\desktop\v10.2.9\adding own encryption\32bit\code\application\debug\application.tlog\application.write.1u.tlog
c:\users\tetcos-pc\desktop\v10.2.9\adding own encryption\32bit\code\application\debug\application.tlog\cl.command.1.tlog
c:\users\tetcos-pc\desktop\v10.2.9\adding own encryption\32bit\code\application\debug\application.tlog\cl.read.1.tlog
c:\users\tetcos-pc\desktop\v10.2.9\adding own encryption\32bit\code\application\debug\application.tlog\cl.write.1.tlog
c:\users\tetcos-pc\desktop\v10.2.9\adding own encryption\32bit\code\application\debug\application.tlog\link.command.1.tlog
c:\users\tetcos-pc\desktop\v10.2.9\adding own encryption\32bit\code\application\debug\application.tlog\link.read.1.tlog
c:\users\tetcos-pc\desktop\v10.2.9\adding own encryption\32bit\code\application\debug\application.tlog\link.write.1.tlog
